This file contains any messages produced by compilers while
running configure, to aid debugging if configure makes a mistake.

It was created by ketamarouter configure 0.1, which was
generated by GNU Autoconf 2.68.  Invocation command line was

  $ ./configure 

## --------- ##
## Platform. ##
## --------- ##

hostname = jinoos-note
uname -m = x86_64
uname -r = 3.5.0-39-generic
uname -s = Linux
uname -v = #60~precise1-Ubuntu SMP Wed Aug 14 15:38:41 UTC 2013

/usr/bin/uname -p = unknown
/bin/uname -X     = unknown

/bin/arch              = unknown
/usr/bin/arch -k       = unknown
/usr/convex/getsysinfo = unknown
/usr/bin/hostinfo      = unknown
/bin/machine           = unknown
/usr/bin/oslevel       = unknown
/bin/universe          = unknown

PATH: /usr/lib/lightdm/lightdm
PATH: /usr/local/sbin
PATH: /usr/local/bin
PATH: /usr/sbin
PATH: /usr/bin
PATH: /sbin
PATH: /bin
PATH: /usr/games
PATH: .


## ----------- ##
## Core tests. ##
## ----------- ##

configure:2249: checking for a BSD-compatible install
configure:2317: result: /usr/bin/install -c
configure:2328: checking whether build environment is sane
configure:2378: result: yes
configure:2519: checking for a thread-safe mkdir -p
configure:2558: result: /bin/mkdir -p
configure:2571: checking for gawk
configure:2587: found /usr/bin/gawk
configure:2598: result: gawk
configure:2609: checking whether make sets $(MAKE)
configure:2631: result: yes
configure:2754: checking for ranlib
configure:2770: found /usr/bin/ranlib
configure:2781: result: ranlib
configure:2818: checking for style of include used by make
configure:2846: result: GNU
configure:2917: checking for gcc
configure:2933: found /usr/bin/gcc
configure:2944: result: gcc
configure:3173: checking for C compiler version
configure:3182: gcc --version >&5
gcc (Ubuntu/Linaro 4.6.3-1ubuntu5) 4.6.3
Copyright (C) 2011 Free Software Foundation, Inc.
This is free software; see the source for copying conditions.  There is NO
warranty; not even for MERCHANTABILITY or FITNESS FOR A PARTICULAR PURPOSE.

configure:3193: $? = 0
configure:3182: gcc -v >&5
Using built-in specs.
COLLECT_GCC=gcc
COLLECT_LTO_WRAPPER=/usr/lib/gcc/x86_64-linux-gnu/4.6/lto-wrapper
Target: x86_64-linux-gnu
Configured with: ../src/configure -v --with-pkgversion='Ubuntu/Linaro 4.6.3-1ubuntu5' --with-bugurl=file:///usr/share/doc/gcc-4.6/README.Bugs --enable-languages=c,c++,fortran,objc,obj-c++ --prefix=/usr --program-suffix=-4.6 --enable-shared --enable-linker-build-id --with-system-zlib --libexecdir=/usr/lib --without-included-gettext --enable-threads=posix --with-gxx-include-dir=/usr/include/c++/4.6 --libdir=/usr/lib --enable-nls --with-sysroot=/ --enable-clocale=gnu --enable-libstdcxx-debug --enable-libstdcxx-time=yes --enable-gnu-unique-object --enable-plugin --enable-objc-gc --disable-werror --with-arch-32=i686 --with-tune=generic --enable-checking=release --build=x86_64-linux-gnu --host=x86_64-linux-gnu --target=x86_64-linux-gnu
Thread model: posix
gcc version 4.6.3 (Ubuntu/Linaro 4.6.3-1ubuntu5) 
configure:3193: $? = 0
configure:3182: gcc -V >&5
gcc: error: unrecognized option '-V'
gcc: fatal error: no input files
compilation terminated.
configure:3193: $? = 4
configure:3182: gcc -qversion >&5
gcc: error: unrecognized option '-qversion'
gcc: fatal error: no input files
compilation terminated.
configure:3193: $? = 4
configure:3213: checking whether the C compiler works
configure:3235: gcc    conftest.c  >&5
configure:3239: $? = 0
configure:3287: result: yes
configure:3290: checking for C compiler default output file name
configure:3292: result: a.out
configure:3298: checking for suffix of executables
configure:3305: gcc -o conftest    conftest.c  >&5
configure:3309: $? = 0
configure:3331: result: 
configure:3353: checking whether we are cross compiling
configure:3361: gcc -o conftest    conftest.c  >&5
configure:3365: $? = 0
configure:3372: ./conftest
configure:3376: $? = 0
configure:3391: result: no
configure:3396: checking for suffix of object files
configure:3418: gcc -c   conftest.c >&5
configure:3422: $? = 0
configure:3443: result: o
configure:3447: checking whether we are using the GNU C compiler
configure:3466: gcc -c   conftest.c >&5
configure:3466: $? = 0
configure:3475: result: yes
configure:3484: checking whether gcc accepts -g
configure:3504: gcc -c -g  conftest.c >&5
configure:3504: $? = 0
configure:3545: result: yes
configure:3562: checking for gcc option to accept ISO C89
configure:3626: gcc  -c -g -O2  conftest.c >&5
configure:3626: $? = 0
configure:3639: result: none needed
configure:3661: checking dependency style of gcc
configure:3772: result: gcc3
configure:3788: checking whether gcc and cc understand -c and -o together
configure:3819: gcc -c conftest.c -o conftest2.o >&5
configure:3823: $? = 0
configure:3829: gcc -c conftest.c -o conftest2.o >&5
configure:3833: $? = 0
configure:3844: cc -c conftest.c >&5
configure:3848: $? = 0
configure:3856: cc -c conftest.c -o conftest2.o >&5
configure:3860: $? = 0
configure:3866: cc -c conftest.c -o conftest2.o >&5
configure:3870: $? = 0
configure:3888: result: yes
configure:3921: checking how to run the C preprocessor
configure:3952: gcc -E  conftest.c
configure:3952: $? = 0
configure:3966: gcc -E  conftest.c
conftest.c:11:28: fatal error: ac_nonexistent.h: No such file or directory
compilation terminated.
configure:3966: $? = 1
configure: failed program was:
| /* confdefs.h */
| #define PACKAGE_NAME "ketamarouter"
| #define PACKAGE_TARNAME "ketamarouter"
| #define PACKAGE_VERSION "0.1"
| #define PACKAGE_STRING "ketamarouter 0.1"
| #define PACKAGE_BUGREPORT "jinoos@gmail.com"
| #define PACKAGE_URL ""
| #define PACKAGE "ketamarouter"
| #define VERSION "0.1"
| /* end confdefs.h.  */
| #include <ac_nonexistent.h>
configure:3991: result: gcc -E
configure:4011: gcc -E  conftest.c
configure:4011: $? = 0
configure:4025: gcc -E  conftest.c
conftest.c:11:28: fatal error: ac_nonexistent.h: No such file or directory
compilation terminated.
configure:4025: $? = 1
configure: failed program was:
| /* confdefs.h */
| #define PACKAGE_NAME "ketamarouter"
| #define PACKAGE_TARNAME "ketamarouter"
| #define PACKAGE_VERSION "0.1"
| #define PACKAGE_STRING "ketamarouter 0.1"
| #define PACKAGE_BUGREPORT "jinoos@gmail.com"
| #define PACKAGE_URL ""
| #define PACKAGE "ketamarouter"
| #define VERSION "0.1"
| /* end confdefs.h.  */
| #include <ac_nonexistent.h>
configure:4054: checking for grep that handles long lines and -e
configure:4112: result: /bin/grep
configure:4117: checking for egrep
configure:4179: result: /bin/grep -E
configure:4184: checking for ANSI C header files
configure:4204: gcc -c -g -O2  conftest.c >&5
configure:4204: $? = 0
configure:4277: gcc -o conftest -g -O2   conftest.c  >&5
configure:4277: $? = 0
configure:4277: ./conftest
configure:4277: $? = 0
configure:4288: result: yes
configure:4301: checking for sys/types.h
configure:4301: gcc -c -g -O2  conftest.c >&5
configure:4301: $? = 0
configure:4301: result: yes
configure:4301: checking for sys/stat.h
configure:4301: gcc -c -g -O2  conftest.c >&5
configure:4301: $? = 0
configure:4301: result: yes
configure:4301: checking for stdlib.h
configure:4301: gcc -c -g -O2  conftest.c >&5
configure:4301: $? = 0
configure:4301: result: yes
configure:4301: checking for string.h
configure:4301: gcc -c -g -O2  conftest.c >&5
configure:4301: $? = 0
configure:4301: result: yes
configure:4301: checking for memory.h
configure:4301: gcc -c -g -O2  conftest.c >&5
configure:4301: $? = 0
configure:4301: result: yes
configure:4301: checking for strings.h
configure:4301: gcc -c -g -O2  conftest.c >&5
configure:4301: $? = 0
configure:4301: result: yes
configure:4301: checking for inttypes.h
configure:4301: gcc -c -g -O2  conftest.c >&5
configure:4301: $? = 0
configure:4301: result: yes
configure:4301: checking for stdint.h
configure:4301: gcc -c -g -O2  conftest.c >&5
configure:4301: $? = 0
configure:4301: result: yes
configure:4301: checking for unistd.h
configure:4301: gcc -c -g -O2  conftest.c >&5
configure:4301: $? = 0
configure:4301: result: yes
configure:4314: WARNING: AM_PATH_CHECK() is deprecated
configure:4316: WARNING: use PKG_CHECK_MODULES([CHECK], [check >= 0.9.4]) instead
configure:4327: checking for check - version >= 0.8.2
configure:4402: gcc -c -g -O2   conftest.c >&5
conftest.c: In function 'main':
conftest.c:61:10: warning: ignoring return value of 'system', declared with attribute warn_unused_result [-Wunused-result]
configure:4402: $? = 0
configure:4413: result: yes
configure:4529: checking for pkg-config
configure:4547: found /usr/bin/pkg-config
configure:4559: result: /usr/bin/pkg-config
configure:4584: checking pkg-config is at least version 0.9.0
configure:4587: result: yes
configure:4597: checking for libglib
configure:4604: $PKG_CONFIG --exists --print-errors "glib-2.0 >= 2.28"
configure:4607: $? = 0
configure:4621: $PKG_CONFIG --exists --print-errors "glib-2.0 >= 2.28"
configure:4624: $? = 0
configure:4682: result: yes
configure:4707: checking event.h usability
configure:4707: gcc -c -g -O2  conftest.c >&5
configure:4707: $? = 0
configure:4707: result: yes
configure:4707: checking event.h presence
configure:4707: gcc -E  conftest.c
configure:4707: $? = 0
configure:4707: result: yes
configure:4707: checking for event.h
configure:4707: result: yes
configure:4710: checking for main in -levent
configure:4729: gcc -o conftest -g -O2   conftest.c -levent   -lglib-2.0   >&5
configure:4729: $? = 0
configure:4738: result: yes
configure:4772: checking for libevent
configure:4779: $PKG_CONFIG --exists --print-errors "libevent >= 2.0"
configure:4782: $? = 0
configure:4796: $PKG_CONFIG --exists --print-errors "libevent >= 2.0"
configure:4799: $? = 0
configure:4857: result: yes
configure:4863: checking for main in -lcheck_pic
configure:4882: gcc -o conftest -g -O2   conftest.c -lcheck_pic   -lglib-2.0   -levent   >&5
configure:4882: $? = 0
configure:4891: result: yes
configure:4902: checking for clock_gettime in -lrt
configure:4927: gcc -o conftest -g -O2   conftest.c -lrt  -lcheck_pic  -lglib-2.0   -levent   >&5
configure:4927: $? = 0
configure:4936: result: yes
configure:4949: checking for exp in -lm
configure:4974: gcc -o conftest -g -O2   conftest.c -lm  -lrt -lcheck_pic  -lglib-2.0   -levent   >&5
conftest.c:31:6: warning: conflicting types for built-in function 'exp' [enabled by default]
configure:4974: $? = 0
configure:4983: result: yes
configure:5001: checking stddef.h usability
configure:5001: gcc -c -g -O2  conftest.c >&5
configure:5001: $? = 0
configure:5001: result: yes
configure:5001: checking stddef.h presence
configure:5001: gcc -E  conftest.c
configure:5001: $? = 0
configure:5001: result: yes
configure:5001: checking for stddef.h
configure:5001: result: yes
configure:5001: checking for stdint.h
configure:5001: result: yes
configure:5001: checking for stdlib.h
configure:5001: result: yes
configure:5001: checking for string.h
configure:5001: result: yes
configure:5013: checking for size_t
configure:5013: gcc -c -g -O2  conftest.c >&5
configure:5013: $? = 0
configure:5013: gcc -c -g -O2  conftest.c >&5
conftest.c: In function 'main':
conftest.c:65:21: error: expected expression before ')' token
configure:5013: $? = 1
configure: failed program was:
| /* confdefs.h */
| #define PACKAGE_NAME "ketamarouter"
| #define PACKAGE_TARNAME "ketamarouter"
| #define PACKAGE_VERSION "0.1"
| #define PACKAGE_STRING "ketamarouter 0.1"
| #define PACKAGE_BUGREPORT "jinoos@gmail.com"
| #define PACKAGE_URL ""
| #define PACKAGE "ketamarouter"
| #define VERSION "0.1"
| #define STDC_HEADERS 1
| #define HAVE_SYS_TYPES_H 1
| #define HAVE_SYS_STAT_H 1
| #define HAVE_STDLIB_H 1
| #define HAVE_STRING_H 1
| #define HAVE_MEMORY_H 1
| #define HAVE_STRINGS_H 1
| #define HAVE_INTTYPES_H 1
| #define HAVE_STDINT_H 1
| #define HAVE_UNISTD_H 1
| #define HAVE_LIBEVENT 1
| #define HAVE_LIBCHECK_PIC 1
| #define HAVE_LIBRT 1
| #define HAVE_LIBM 1
| #define HAVE_STDDEF_H 1
| #define HAVE_STDINT_H 1
| #define HAVE_STDLIB_H 1
| #define HAVE_STRING_H 1
| /* end confdefs.h.  */
| #include <stdio.h>
| #ifdef HAVE_SYS_TYPES_H
| # include <sys/types.h>
| #endif
| #ifdef HAVE_SYS_STAT_H
| # include <sys/stat.h>
| #endif
| #ifdef STDC_HEADERS
| # include <stdlib.h>
| # include <stddef.h>
| #else
| # ifdef HAVE_STDLIB_H
| #  include <stdlib.h>
| # endif
| #endif
| #ifdef HAVE_STRING_H
| # if !defined STDC_HEADERS && defined HAVE_MEMORY_H
| #  include <memory.h>
| # endif
| # include <string.h>
| #endif
| #ifdef HAVE_STRINGS_H
| # include <strings.h>
| #endif
| #ifdef HAVE_INTTYPES_H
| # include <inttypes.h>
| #endif
| #ifdef HAVE_STDINT_H
| # include <stdint.h>
| #endif
| #ifdef HAVE_UNISTD_H
| # include <unistd.h>
| #endif
| int
| main ()
| {
| if (sizeof ((size_t)))
| 	    return 0;
|   ;
|   return 0;
| }
configure:5013: result: yes
configure:5024: checking for uint32_t
configure:5024: gcc -c -g -O2  conftest.c >&5
configure:5024: $? = 0
configure:5024: result: yes
configure:5038: checking for uint64_t
configure:5038: gcc -c -g -O2  conftest.c >&5
configure:5038: $? = 0
configure:5038: result: yes
configure:5054: checking for error_at_line
configure:5070: gcc -o conftest -g -O2   conftest.c -lm -lrt -lcheck_pic  -lglib-2.0   -levent   >&5
configure:5070: $? = 0
configure:5078: result: yes
configure:5091: checking for stdlib.h
configure:5091: result: yes
configure:5101: checking for GNU libc compatible malloc
configure:5125: gcc -o conftest -g -O2   conftest.c -lm -lrt -lcheck_pic  -lglib-2.0   -levent   >&5
configure:5125: $? = 0
configure:5125: ./conftest
configure:5125: $? = 0
configure:5135: result: yes
configure:5158: checking for stdlib.h
configure:5158: result: yes
configure:5168: checking for GNU libc compatible realloc
configure:5192: gcc -o conftest -g -O2   conftest.c -lm -lrt -lcheck_pic  -lglib-2.0   -levent   >&5
configure:5192: $? = 0
configure:5192: ./conftest
configure:5192: $? = 0
configure:5202: result: yes
configure:5356: creating ./config.status

## ---------------------- ##
## Running config.status. ##
## ---------------------- ##

This file was extended by ketamarouter config.status 0.1, which was
generated by GNU Autoconf 2.68.  Invocation command line was

  CONFIG_FILES    = 
  CONFIG_HEADERS  = 
  CONFIG_LINKS    = 
  CONFIG_COMMANDS = 
  $ ./config.status 

on jinoos-note

config.status:885: creating Makefile
config.status:885: creating src/Makefile
config.status:885: creating config.h
config.status:1066: config.h is unchanged
config.status:1114: executing depfiles commands

## ---------------- ##
## Cache variables. ##
## ---------------- ##

ac_cv_c_compiler_gnu=yes
ac_cv_c_uint32_t=yes
ac_cv_c_uint64_t=yes
ac_cv_env_CC_set=
ac_cv_env_CC_value=
ac_cv_env_CFLAGS_set=
ac_cv_env_CFLAGS_value=
ac_cv_env_CPPFLAGS_set=
ac_cv_env_CPPFLAGS_value=
ac_cv_env_CPP_set=
ac_cv_env_CPP_value=
ac_cv_env_LDFLAGS_set=
ac_cv_env_LDFLAGS_value=
ac_cv_env_LIBEVENT_CPPFLAGS_set=
ac_cv_env_LIBEVENT_CPPFLAGS_value=
ac_cv_env_LIBEVENT_LDFLAGS_set=
ac_cv_env_LIBEVENT_LDFLAGS_value=
ac_cv_env_LIBS_set=
ac_cv_env_LIBS_value=
ac_cv_env_PKG_CONFIG_LIBDIR_set=
ac_cv_env_PKG_CONFIG_LIBDIR_value=
ac_cv_env_PKG_CONFIG_PATH_set=
ac_cv_env_PKG_CONFIG_PATH_value=
ac_cv_env_PKG_CONFIG_set=
ac_cv_env_PKG_CONFIG_value=
ac_cv_env_build_alias_set=
ac_cv_env_build_alias_value=
ac_cv_env_host_alias_set=
ac_cv_env_host_alias_value=
ac_cv_env_libevent_CFLAGS_set=
ac_cv_env_libevent_CFLAGS_value=
ac_cv_env_libevent_LIBS_set=
ac_cv_env_libevent_LIBS_value=
ac_cv_env_libglib_CFLAGS_set=
ac_cv_env_libglib_CFLAGS_value=
ac_cv_env_libglib_LIBS_set=
ac_cv_env_libglib_LIBS_value=
ac_cv_env_target_alias_set=
ac_cv_env_target_alias_value=
ac_cv_func_malloc_0_nonnull=yes
ac_cv_func_realloc_0_nonnull=yes
ac_cv_header_event_h=yes
ac_cv_header_inttypes_h=yes
ac_cv_header_memory_h=yes
ac_cv_header_stdc=yes
ac_cv_header_stddef_h=yes
ac_cv_header_stdint_h=yes
ac_cv_header_stdlib_h=yes
ac_cv_header_string_h=yes
ac_cv_header_strings_h=yes
ac_cv_header_sys_stat_h=yes
ac_cv_header_sys_types_h=yes
ac_cv_header_unistd_h=yes
ac_cv_lib_check_pic_main=yes
ac_cv_lib_error_at_line=yes
ac_cv_lib_event_main=yes
ac_cv_lib_m_exp=yes
ac_cv_lib_rt_clock_gettime=yes
ac_cv_objext=o
ac_cv_path_EGREP='/bin/grep -E'
ac_cv_path_GREP=/bin/grep
ac_cv_path_ac_pt_PKG_CONFIG=/usr/bin/pkg-config
ac_cv_path_install='/usr/bin/install -c'
ac_cv_path_mkdir=/bin/mkdir
ac_cv_prog_AWK=gawk
ac_cv_prog_CPP='gcc -E'
ac_cv_prog_ac_ct_CC=gcc
ac_cv_prog_ac_ct_RANLIB=ranlib
ac_cv_prog_cc_c89=
ac_cv_prog_cc_g=yes
ac_cv_prog_cc_gcc_c_o=yes
ac_cv_prog_make_make_set=yes
ac_cv_type_size_t=yes
am_cv_CC_dependencies_compiler_type=gcc3
ax_cv_have_LIBEVENT=yes
pkg_cv_libevent_CFLAGS=' '
pkg_cv_libevent_LIBS='-levent  '
pkg_cv_libglib_CFLAGS='-I/usr/include/glib-2.0 -I/usr/lib/x86_64-linux-gnu/glib-2.0/include  '
pkg_cv_libglib_LIBS='-lglib-2.0  '

## ----------------- ##
## Output variables. ##
## ----------------- ##

ACLOCAL='${SHELL} /home/jinoos/eclipse-cdt-workspace/ketamarouter/missing --run aclocal-1.11'
AMDEPBACKSLASH='\'
AMDEP_FALSE='#'
AMDEP_TRUE=''
AMTAR='$${TAR-tar}'
AUTOCONF='${SHELL} /home/jinoos/eclipse-cdt-workspace/ketamarouter/missing --run autoconf'
AUTOHEADER='${SHELL} /home/jinoos/eclipse-cdt-workspace/ketamarouter/missing --run autoheader'
AUTOMAKE='${SHELL} /home/jinoos/eclipse-cdt-workspace/ketamarouter/missing --run automake-1.11'
AWK='gawk'
CC='gcc'
CCDEPMODE='depmode=gcc3'
CFLAGS='-g -O2'
CHECK_CFLAGS=''
CHECK_LIBS='-lcheck'
CPP='gcc -E'
CPPFLAGS=''
CYGPATH_W='echo'
DEFS='-DHAVE_CONFIG_H'
DEPDIR='.deps'
ECHO_C=''
ECHO_N='-n'
ECHO_T=''
EGREP='/bin/grep -E'
EXEEXT=''
GREP='/bin/grep'
INSTALL_DATA='${INSTALL} -m 644'
INSTALL_PROGRAM='${INSTALL}'
INSTALL_SCRIPT='${INSTALL}'
INSTALL_STRIP_PROGRAM='$(install_sh) -c -s'
LDFLAGS=''
LIBEVENT_CPPFLAGS=''
LIBEVENT_LDFLAGS=''
LIBOBJS=''
LIBS='-lm -lrt -lcheck_pic  -lglib-2.0   -levent  '
LTLIBOBJS=''
MAKEINFO='${SHELL} /home/jinoos/eclipse-cdt-workspace/ketamarouter/missing --run makeinfo'
MKDIR_P='/bin/mkdir -p'
OBJEXT='o'
PACKAGE='ketamarouter'
PACKAGE_BUGREPORT='jinoos@gmail.com'
PACKAGE_NAME='ketamarouter'
PACKAGE_STRING='ketamarouter 0.1'
PACKAGE_TARNAME='ketamarouter'
PACKAGE_URL=''
PACKAGE_VERSION='0.1'
PATH_SEPARATOR=':'
PKG_CONFIG='/usr/bin/pkg-config'
PKG_CONFIG_LIBDIR=''
PKG_CONFIG_PATH=''
RANLIB='ranlib'
SET_MAKE=''
SHELL='/bin/bash'
STRIP=''
VERSION='0.1'
ac_ct_CC='gcc'
am__EXEEXT_FALSE=''
am__EXEEXT_TRUE='#'
am__fastdepCC_FALSE='#'
am__fastdepCC_TRUE=''
am__include='include'
am__isrc=''
am__leading_dot='.'
am__nodep='_no'
am__quote=''
am__tar='$${TAR-tar} chof - "$$tardir"'
am__untar='$${TAR-tar} xf -'
bindir='${exec_prefix}/bin'
build_alias=''
datadir='${datarootdir}'
datarootdir='${prefix}/share'
docdir='${datarootdir}/doc/${PACKAGE_TARNAME}'
dvidir='${docdir}'
exec_prefix='${prefix}'
host_alias=''
htmldir='${docdir}'
includedir='${prefix}/include'
infodir='${datarootdir}/info'
install_sh='${SHELL} /home/jinoos/eclipse-cdt-workspace/ketamarouter/install-sh'
libdir='${exec_prefix}/lib'
libevent_CFLAGS=' '
libevent_LIBS='-levent  '
libexecdir='${exec_prefix}/libexec'
libglib_CFLAGS='-I/usr/include/glib-2.0 -I/usr/lib/x86_64-linux-gnu/glib-2.0/include  '
libglib_LIBS='-lglib-2.0  '
localedir='${datarootdir}/locale'
localstatedir='${prefix}/var'
mandir='${datarootdir}/man'
mkdir_p='/bin/mkdir -p'
oldincludedir='/usr/include'
pdfdir='${docdir}'
prefix='/usr/local'
program_transform_name='s,x,x,'
psdir='${docdir}'
sbindir='${exec_prefix}/sbin'
sharedstatedir='${prefix}/com'
sysconfdir='${prefix}/etc'
target_alias=''

## ----------- ##
## confdefs.h. ##
## ----------- ##

/* confdefs.h */
#define PACKAGE_NAME "ketamarouter"
#define PACKAGE_TARNAME "ketamarouter"
#define PACKAGE_VERSION "0.1"
#define PACKAGE_STRING "ketamarouter 0.1"
#define PACKAGE_BUGREPORT "jinoos@gmail.com"
#define PACKAGE_URL ""
#define PACKAGE "ketamarouter"
#define VERSION "0.1"
#define STDC_HEADERS 1
#define HAVE_SYS_TYPES_H 1
#define HAVE_SYS_STAT_H 1
#define HAVE_STDLIB_H 1
#define HAVE_STRING_H 1
#define HAVE_MEMORY_H 1
#define HAVE_STRINGS_H 1
#define HAVE_INTTYPES_H 1
#define HAVE_STDINT_H 1
#define HAVE_UNISTD_H 1
#define HAVE_LIBEVENT 1
#define HAVE_LIBCHECK_PIC 1
#define HAVE_LIBRT 1
#define HAVE_LIBM 1
#define HAVE_STDDEF_H 1
#define HAVE_STDINT_H 1
#define HAVE_STDLIB_H 1
#define HAVE_STRING_H 1
#define HAVE_STDLIB_H 1
#define HAVE_MALLOC 1
#define HAVE_STDLIB_H 1
#define HAVE_REALLOC 1

configure: exit 0

## ---------------------- ##
## Running config.status. ##
## ---------------------- ##

This file was extended by ketamarouter config.status 0.1, which was
generated by GNU Autoconf 2.68.  Invocation command line was

  CONFIG_FILES    = 
  CONFIG_HEADERS  = 
  CONFIG_LINKS    = 
  CONFIG_COMMANDS = 
  $ ./config.status src/Makefile depfiles

on jinoos-note

config.status:885: creating src/Makefile
config.status:1114: executing depfiles commands

## ---------------------- ##
## Running config.status. ##
## ---------------------- ##

This file was extended by ketamarouter config.status 0.1, which was
generated by GNU Autoconf 2.68.  Invocation command line was

  CONFIG_FILES    = 
  CONFIG_HEADERS  = 
  CONFIG_LINKS    = 
  CONFIG_COMMANDS = 
  $ ./config.status src/Makefile depfiles

on jinoos-note

config.status:885: creating src/Makefile
config.status:1114: executing depfiles commands

## ---------------------- ##
## Running config.status. ##
## ---------------------- ##

This file was extended by ketamarouter config.status 0.1, which was
generated by GNU Autoconf 2.68.  Invocation command line was

  CONFIG_FILES    = 
  CONFIG_HEADERS  = 
  CONFIG_LINKS    = 
  CONFIG_COMMANDS = 
  $ ./config.status src/Makefile depfiles

on jinoos-note

config.status:885: creating src/Makefile
config.status:1114: executing depfiles commands

## ---------------------- ##
## Running config.status. ##
## ---------------------- ##

This file was extended by ketamarouter config.status 0.1, which was
generated by GNU Autoconf 2.68.  Invocation command line was

  CONFIG_FILES    = 
  CONFIG_HEADERS  = 
  CONFIG_LINKS    = 
  CONFIG_COMMANDS = 
  $ ./config.status src/Makefile depfiles

on jinoos-note

config.status:885: creating src/Makefile
config.status:1114: executing depfiles commands

## ---------------------- ##
## Running config.status. ##
## ---------------------- ##

This file was extended by ketamarouter config.status 0.1, which was
generated by GNU Autoconf 2.68.  Invocation command line was

  CONFIG_FILES    = 
  CONFIG_HEADERS  = 
  CONFIG_LINKS    = 
  CONFIG_COMMANDS = 
  $ ./config.status src/Makefile depfiles

on jinoos-note

config.status:885: creating src/Makefile
config.status:1114: executing depfiles commands

## ---------------------- ##
## Running config.status. ##
## ---------------------- ##

This file was extended by ketamarouter config.status 0.1, which was
generated by GNU Autoconf 2.68.  Invocation command line was

  CONFIG_FILES    = 
  CONFIG_HEADERS  = 
  CONFIG_LINKS    = 
  CONFIG_COMMANDS = 
  $ ./config.status src/Makefile depfiles

on jinoos-note

config.status:885: creating src/Makefile
config.status:1114: executing depfiles commands

## ---------------------- ##
## Running config.status. ##
## ---------------------- ##

This file was extended by ketamarouter config.status 0.1, which was
generated by GNU Autoconf 2.68.  Invocation command line was

  CONFIG_FILES    = 
  CONFIG_HEADERS  = 
  CONFIG_LINKS    = 
  CONFIG_COMMANDS = 
  $ ./config.status src/Makefile depfiles

on jinoos-note

config.status:885: creating src/Makefile
config.status:1114: executing depfiles commands

## ---------------------- ##
## Running config.status. ##
## ---------------------- ##

This file was extended by ketamarouter config.status 0.1, which was
generated by GNU Autoconf 2.68.  Invocation command line was

  CONFIG_FILES    = 
  CONFIG_HEADERS  = 
  CONFIG_LINKS    = 
  CONFIG_COMMANDS = 
  $ ./config.status src/Makefile depfiles

on jinoos-note

config.status:885: creating src/Makefile
config.status:1114: executing depfiles commands

## ---------------------- ##
## Running config.status. ##
## ---------------------- ##

This file was extended by ketamarouter config.status 0.1, which was
generated by GNU Autoconf 2.68.  Invocation command line was

  CONFIG_FILES    = 
  CONFIG_HEADERS  = 
  CONFIG_LINKS    = 
  CONFIG_COMMANDS = 
  $ ./config.status src/Makefile depfiles

on jinoos-note

config.status:885: creating src/Makefile
config.status:1114: executing depfiles commands

## ---------------------- ##
## Running config.status. ##
## ---------------------- ##

This file was extended by ketamarouter config.status 0.1, which was
generated by GNU Autoconf 2.68.  Invocation command line was

  CONFIG_FILES    = 
  CONFIG_HEADERS  = 
  CONFIG_LINKS    = 
  CONFIG_COMMANDS = 
  $ ./config.status src/Makefile depfiles

on jinoos-note

config.status:885: creating src/Makefile
config.status:1114: executing depfiles commands

## ---------------------- ##
## Running config.status. ##
## ---------------------- ##

This file was extended by ketamarouter config.status 0.1, which was
generated by GNU Autoconf 2.68.  Invocation command line was

  CONFIG_FILES    = 
  CONFIG_HEADERS  = 
  CONFIG_LINKS    = 
  CONFIG_COMMANDS = 
  $ ./config.status src/Makefile depfiles

on jinoos-note

config.status:885: creating src/Makefile
config.status:1114: executing depfiles commands

## ---------------------- ##
## Running config.status. ##
## ---------------------- ##

This file was extended by ketamarouter config.status 0.1, which was
generated by GNU Autoconf 2.68.  Invocation command line was

  CONFIG_FILES    = 
  CONFIG_HEADERS  = 
  CONFIG_LINKS    = 
  CONFIG_COMMANDS = 
  $ ./config.status src/Makefile depfiles

on jinoos-note

config.status:885: creating src/Makefile
config.status:1114: executing depfiles commands

## ---------------------- ##
## Running config.status. ##
## ---------------------- ##

This file was extended by ketamarouter config.status 0.1, which was
generated by GNU Autoconf 2.68.  Invocation command line was

  CONFIG_FILES    = 
  CONFIG_HEADERS  = 
  CONFIG_LINKS    = 
  CONFIG_COMMANDS = 
  $ ./config.status src/Makefile depfiles

on jinoos-note

config.status:885: creating src/Makefile
config.status:1114: executing depfiles commands

## ---------------------- ##
## Running config.status. ##
## ---------------------- ##

This file was extended by ketamarouter config.status 0.1, which was
generated by GNU Autoconf 2.68.  Invocation command line was

  CONFIG_FILES    = 
  CONFIG_HEADERS  = 
  CONFIG_LINKS    = 
  CONFIG_COMMANDS = 
  $ ./config.status src/Makefile depfiles

on jinoos-note

config.status:885: creating src/Makefile
config.status:1114: executing depfiles commands

## ---------------------- ##
## Running config.status. ##
## ---------------------- ##

This file was extended by ketamarouter config.status 0.1, which was
generated by GNU Autoconf 2.68.  Invocation command line was

  CONFIG_FILES    = 
  CONFIG_HEADERS  = 
  CONFIG_LINKS    = 
  CONFIG_COMMANDS = 
  $ ./config.status src/Makefile depfiles

on jinoos-note

config.status:885: creating src/Makefile
config.status:1114: executing depfiles commands

## ---------------------- ##
## Running config.status. ##
## ---------------------- ##

This file was extended by ketamarouter config.status 0.1, which was
generated by GNU Autoconf 2.68.  Invocation command line was

  CONFIG_FILES    = 
  CONFIG_HEADERS  = 
  CONFIG_LINKS    = 
  CONFIG_COMMANDS = 
  $ ./config.status src/Makefile depfiles

on jinoos-note

config.status:885: creating src/Makefile
config.status:1114: executing depfiles commands

## ---------------------- ##
## Running config.status. ##
## ---------------------- ##

This file was extended by ketamarouter config.status 0.1, which was
generated by GNU Autoconf 2.68.  Invocation command line was

  CONFIG_FILES    = 
  CONFIG_HEADERS  = 
  CONFIG_LINKS    = 
  CONFIG_COMMANDS = 
  $ ./config.status src/Makefile depfiles

on jinoos-note

config.status:885: creating src/Makefile
config.status:1114: executing depfiles commands

## ---------------------- ##
## Running config.status. ##
## ---------------------- ##

This file was extended by ketamarouter config.status 0.1, which was
generated by GNU Autoconf 2.68.  Invocation command line was

  CONFIG_FILES    = 
  CONFIG_HEADERS  = 
  CONFIG_LINKS    = 
  CONFIG_COMMANDS = 
  $ ./config.status src/Makefile depfiles

on jinoos-note

config.status:885: creating src/Makefile
config.status:1114: executing depfiles commands

## ---------------------- ##
## Running config.status. ##
## ---------------------- ##

This file was extended by ketamarouter config.status 0.1, which was
generated by GNU Autoconf 2.68.  Invocation command line was

  CONFIG_FILES    = 
  CONFIG_HEADERS  = 
  CONFIG_LINKS    = 
  CONFIG_COMMANDS = 
  $ ./config.status src/Makefile depfiles

on jinoos-note

config.status:885: creating src/Makefile
config.status:1114: executing depfiles commands
